{"message":"Listening on port 3001!","level":"info"}
info: Listening on port 3001!
info: Listening on port 3001!
info: Listening on port 3001!
info: Listening on port 3001!
info: user added
info: Listening on port 3001!
info: Listening on port 3001!
info: Listening on port 3001!
info: user list be sent
info: user be logged
info: user list be sent
info: user cannot be logged
info: user cannot be logged
info: Listening on port 3001!
info: user cannot be logged
info: user cannot be logged
info: Listening on port 3001!
info: Listening on port 3001!
info: Listening on port 3001!
info: Listening on port 3001!
info: Listening on port 3001!
info: Listening on port 3001!
info: Listening on port 3001!
info: user be logged
info: user list be sent
info: Listening on port 3001!
info: Listening on port 3001!
info: Listening on port 3001!
info: user be logged
info: user list be sent
info: user be logged
info: user be logged
info: user list be sent
info: user list be sent
info: Listening on port 3001!
